2021-04-07T12:13:43 restartedMain Starting SkillBaseMainApplication using Java 11.0.6 on Clairvoyant-301 with PID 5476 (C:\Users\Subrat Jena\Desktop\CLA_SkillBase\skills-base\skills-base\SkillBaseMain\target\classes started by Subrat Jena in C:\Users\Subrat Jena\Desktop\CLA_SkillBase\skills-base\skills-base\SkillBaseMain)
2021-04-07T12:13:43 restartedMain No active profile set, falling back to default profiles: default
2021-04-07T12:13:50 restartedMain Started SkillBaseMainApplication in 7.907 seconds (JVM running for 10.064)
2021-04-07T13:20:41 restartedMain Starting SkillBaseMainApplication using Java 11.0.6 on Clairvoyant-301 with PID 12328 (C:\Users\Subrat Jena\Desktop\CLA_SkillBase\skills-base\skills-base\SkillBaseMain\target\classes started by Subrat Jena in C:\Users\Subrat Jena\Desktop\CLA_SkillBase\skills-base\skills-base\SkillBaseMain)
2021-04-07T13:20:41 restartedMain No active profile set, falling back to default profiles: default
2021-04-07T13:21:22 restartedMain Starting SkillBaseMainApplication using Java 11.0.6 on Clairvoyant-301 with PID 12156 (C:\Users\Subrat Jena\Desktop\CLA_SkillBase\skills-base\skills-base\SkillBaseMain\target\classes started by Subrat Jena in C:\Users\Subrat Jena\Desktop\CLA_SkillBase\skills-base\skills-base\SkillBaseMain)
2021-04-07T13:21:22 restartedMain No active profile set, falling back to default profiles: default
2021-04-07T13:21:28 restartedMain Started SkillBaseMainApplication in 5.704 seconds (JVM running for 6.896)
2021-04-07T13:23:52 restartedMain Starting SkillBaseMainApplication using Java 11.0.6 on Clairvoyant-301 with PID 15212 (C:\Users\Subrat Jena\Desktop\CLA_SkillBase\skills-base\skills-base\SkillBaseMain\target\classes started by Subrat Jena in C:\Users\Subrat Jena\Desktop\CLA_SkillBase\skills-base\skills-base\SkillBaseMain)
2021-04-07T13:23:52 restartedMain No active profile set, falling back to default profiles: default
2021-04-07T13:23:58 restartedMain Started SkillBaseMainApplication in 6.005 seconds (JVM running for 7.26)
2021-04-07T13:24:57 restartedMain Starting SkillBaseMainApplication using Java 11.0.6 on Clairvoyant-301 with PID 11764 (C:\Users\Subrat Jena\Desktop\CLA_SkillBase\skills-base\skills-base\SkillBaseMain\target\classes started by Subrat Jena in C:\Users\Subrat Jena\Desktop\CLA_SkillBase\skills-base\skills-base\SkillBaseMain)
2021-04-07T13:24:57 restartedMain No active profile set, falling back to default profiles: default
2021-04-07T13:25:02 restartedMain Started SkillBaseMainApplication in 5.438 seconds (JVM running for 6.789)
2021-04-07T13:26:17 restartedMain Starting SkillBaseMainApplication using Java 11.0.6 on Clairvoyant-301 with PID 15232 (C:\Users\Subrat Jena\Desktop\CLA_SkillBase\skills-base\skills-base\SkillBaseMain\target\classes started by Subrat Jena in C:\Users\Subrat Jena\Desktop\CLA_SkillBase\skills-base\skills-base\SkillBaseMain)
2021-04-07T13:26:17 restartedMain No active profile set, falling back to default profiles: default
2021-04-07T13:26:22 restartedMain Started SkillBaseMainApplication in 5.67 seconds (JVM running for 7.209)
2021-04-07T13:28:37 restartedMain Starting SkillBaseMainApplication using Java 11.0.6 on Clairvoyant-301 with PID 9660 (C:\Users\Subrat Jena\Desktop\CLA_SkillBase\skills-base\skills-base\SkillBaseMain\target\classes started by Subrat Jena in C:\Users\Subrat Jena\Desktop\CLA_SkillBase\skills-base\skills-base\SkillBaseMain)
2021-04-07T13:28:37 restartedMain No active profile set, falling back to default profiles: default
2021-04-07T13:28:42 restartedMain Started SkillBaseMainApplication in 5.76 seconds (JVM running for 6.962)
2021-04-07T13:30:24 restartedMain Starting SkillBaseMainApplication using Java 11.0.6 on Clairvoyant-301 with PID 480 (C:\Users\Subrat Jena\Desktop\CLA_SkillBase\skills-base\skills-base\SkillBaseMain\target\classes started by Subrat Jena in C:\Users\Subrat Jena\Desktop\CLA_SkillBase\skills-base\skills-base\SkillBaseMain)
2021-04-07T13:30:24 restartedMain No active profile set, falling back to default profiles: default
2021-04-07T13:30:29 restartedMain Started SkillBaseMainApplication in 5.815 seconds (JVM running for 6.998)
2021-04-07T13:34:39 restartedMain Starting SkillBaseMainApplication using Java 11.0.6 on Clairvoyant-301 with PID 13972 (C:\Users\Subrat Jena\Desktop\CLA_SkillBase\skills-base\skills-base\SkillBaseMain\target\classes started by Subrat Jena in C:\Users\Subrat Jena\Desktop\CLA_SkillBase\skills-base\skills-base\SkillBaseMain)
2021-04-07T13:34:39 restartedMain No active profile set, falling back to default profiles: default
2021-04-07T13:34:46 restartedMain Started SkillBaseMainApplication in 8.288 seconds (JVM running for 9.536)
2021-04-07T13:35:27 restartedMain Starting SkillBaseMainApplication using Java 11.0.6 on Clairvoyant-301 with PID 12964 (C:\Users\Subrat Jena\Desktop\CLA_SkillBase\skills-base\skills-base\SkillBaseMain\target\classes started by Subrat Jena in C:\Users\Subrat Jena\Desktop\CLA_SkillBase\skills-base\skills-base\SkillBaseMain)
2021-04-07T13:35:27 restartedMain No active profile set, falling back to default profiles: default
2021-04-07T13:35:32 restartedMain Started SkillBaseMainApplication in 5.938 seconds (JVM running for 7.205)
2021-04-07T14:02:26 restartedMain Starting SkillBaseMainApplication using Java 11.0.6 on Clairvoyant-301 with PID 13140 (C:\Users\Subrat Jena\Desktop\CLA_SkillBase\skills-base\skills-base\SkillBaseMain\target\classes started by Subrat Jena in C:\Users\Subrat Jena\Desktop\CLA_SkillBase\skills-base\skills-base\SkillBaseMain)
2021-04-07T14:02:26 restartedMain No active profile set, falling back to default profiles: default
2021-04-07T14:02:45 restartedMain Started SkillBaseMainApplication in 21.067 seconds (JVM running for 26.114)
2021-04-07T14:03:15 restartedMain Starting SkillBaseMainApplication using Java 11.0.6 on Clairvoyant-301 with PID 13140 (C:\Users\Subrat Jena\Desktop\CLA_SkillBase\skills-base\skills-base\SkillBaseMain\target\classes started by Subrat Jena in C:\Users\Subrat Jena\Desktop\CLA_SkillBase\skills-base\skills-base\SkillBaseMain)
2021-04-07T14:03:15 restartedMain No active profile set, falling back to default profiles: default
2021-04-07T14:03:16 restartedMain Started SkillBaseMainApplication in 1.32 seconds (JVM running for 56.608)
2021-04-07T14:03:21 restartedMain Starting SkillBaseMainApplication using Java 11.0.6 on Clairvoyant-301 with PID 13140 (C:\Users\Subrat Jena\Desktop\CLA_SkillBase\skills-base\skills-base\SkillBaseMain\target\classes started by Subrat Jena in C:\Users\Subrat Jena\Desktop\CLA_SkillBase\skills-base\skills-base\SkillBaseMain)
2021-04-07T14:03:21 restartedMain No active profile set, falling back to default profiles: default
2021-04-07T14:03:22 restartedMain Started SkillBaseMainApplication in 0.802 seconds (JVM running for 62.764)
2021-04-07T14:06:28 restartedMain Starting SkillBaseMainApplication using Java 11.0.6 on Clairvoyant-301 with PID 13140 (C:\Users\Subrat Jena\Desktop\CLA_SkillBase\skills-base\skills-base\SkillBaseMain\target\classes started by Subrat Jena in C:\Users\Subrat Jena\Desktop\CLA_SkillBase\skills-base\skills-base\SkillBaseMain)
2021-04-07T14:06:28 restartedMain No active profile set, falling back to default profiles: default
2021-04-07T14:16:27 restartedMain Starting SkillBaseMainApplication using Java 11.0.6 on Clairvoyant-301 with PID 6052 (C:\Users\Subrat Jena\Desktop\CLA_SkillBase\skills-base\skills-base\SkillBaseMain\target\classes started by Subrat Jena in C:\Users\Subrat Jena\Desktop\CLA_SkillBase\skills-base\skills-base\SkillBaseMain)
2021-04-07T14:16:27 restartedMain No active profile set, falling back to default profiles: default
2021-04-07T14:17:41 restartedMain Starting SkillBaseMainApplication using Java 11.0.6 on Clairvoyant-301 with PID 13960 (C:\Users\Subrat Jena\Desktop\CLA_SkillBase\skills-base\skills-base\SkillBaseMain\target\classes started by Subrat Jena in C:\Users\Subrat Jena\Desktop\CLA_SkillBase\skills-base\skills-base\SkillBaseMain)
2021-04-07T14:17:41 restartedMain No active profile set, falling back to default profiles: default
2021-04-07T14:17:48 restartedMain Started SkillBaseMainApplication in 7.393 seconds (JVM running for 8.517)
2021-04-07T14:22:42 restartedMain Starting SkillBaseMainApplication using Java 11.0.6 on Clairvoyant-301 with PID 2188 (C:\Users\Subrat Jena\Desktop\CLA_SkillBase\skills-base\skills-base\SkillBaseMain\target\classes started by Subrat Jena in C:\Users\Subrat Jena\Desktop\CLA_SkillBase\skills-base\skills-base\SkillBaseMain)
2021-04-07T14:22:42 restartedMain No active profile set, falling back to default profiles: default
2021-04-07T14:22:48 restartedMain Started SkillBaseMainApplication in 6.98 seconds (JVM running for 8.078)
2021-04-07T14:24:48 restartedMain Starting SkillBaseMainApplication using Java 11.0.6 on Clairvoyant-301 with PID 14128 (C:\Users\Subrat Jena\Desktop\CLA_SkillBase\skills-base\skills-base\SkillBaseMain\target\classes started by Subrat Jena in C:\Users\Subrat Jena\Desktop\CLA_SkillBase\skills-base\skills-base\SkillBaseMain)
2021-04-07T14:24:48 restartedMain No active profile set, falling back to default profiles: default
2021-04-07T14:24:54 restartedMain Started SkillBaseMainApplication in 6.104 seconds (JVM running for 7.241)
2021-04-07T14:27:47 restartedMain Starting SkillBaseMainApplication using Java 11.0.6 on Clairvoyant-301 with PID 10644 (C:\Users\Subrat Jena\Desktop\CLA_SkillBase\skills-base\skills-base\SkillBaseMain\target\classes started by Subrat Jena in C:\Users\Subrat Jena\Desktop\CLA_SkillBase\skills-base\skills-base\SkillBaseMain)
2021-04-07T14:27:47 restartedMain No active profile set, falling back to default profiles: default
2021-04-07T14:27:52 restartedMain Started SkillBaseMainApplication in 6.136 seconds (JVM running for 7.347)
2021-04-07T14:32:00 restartedMain Starting SkillBaseMainApplication using Java 11.0.6 on Clairvoyant-301 with PID 14552 (C:\Users\Subrat Jena\Desktop\CLA_SkillBase\skills-base\skills-base\SkillBaseMain\target\classes started by Subrat Jena in C:\Users\Subrat Jena\Desktop\CLA_SkillBase\skills-base\skills-base\SkillBaseMain)
2021-04-07T14:32:00 restartedMain No active profile set, falling back to default profiles: default
2021-04-07T14:32:06 restartedMain Started SkillBaseMainApplication in 6.876 seconds (JVM running for 7.97)
2021-04-07T14:36:48 restartedMain Starting SkillBaseMainApplication using Java 11.0.6 on Clairvoyant-301 with PID 14920 (C:\Users\Subrat Jena\Desktop\CLA_SkillBase\skills-base\skills-base\SkillBaseMain\target\classes started by Subrat Jena in C:\Users\Subrat Jena\Desktop\CLA_SkillBase\skills-base\skills-base\SkillBaseMain)
2021-04-07T14:36:48 restartedMain No active profile set, falling back to default profiles: default
2021-04-07T14:36:54 restartedMain Started SkillBaseMainApplication in 6.802 seconds (JVM running for 7.865)
2021-04-07T14:37:35 restartedMain Starting SkillBaseMainApplication using Java 11.0.6 on Clairvoyant-301 with PID 11036 (C:\Users\Subrat Jena\Desktop\CLA_SkillBase\skills-base\skills-base\SkillBaseMain\target\classes started by Subrat Jena in C:\Users\Subrat Jena\Desktop\CLA_SkillBase\skills-base\skills-base\SkillBaseMain)
2021-04-07T14:37:35 restartedMain No active profile set, falling back to default profiles: default
2021-04-07T14:37:43 restartedMain Started SkillBaseMainApplication in 8.447 seconds (JVM running for 9.604)
2021-04-07T14:40:30 restartedMain Starting SkillBaseMainApplication using Java 11.0.6 on Clairvoyant-301 with PID 12968 (C:\Users\Subrat Jena\Desktop\CLA_SkillBase\skills-base\skills-base\SkillBaseMain\target\classes started by Subrat Jena in C:\Users\Subrat Jena\Desktop\CLA_SkillBase\skills-base\skills-base\SkillBaseMain)
2021-04-07T14:40:31 restartedMain No active profile set, falling back to default profiles: default
2021-04-07T14:40:37 restartedMain Started SkillBaseMainApplication in 6.726 seconds (JVM running for 7.748)
2021-04-07T14:45:13 restartedMain Starting SkillBaseMainApplication using Java 11.0.6 on Clairvoyant-301 with PID 14344 (C:\Users\Subrat Jena\Desktop\CLA_SkillBase\skills-base\skills-base\SkillBaseMain\target\classes started by Subrat Jena in C:\Users\Subrat Jena\Desktop\CLA_SkillBase\skills-base\skills-base\SkillBaseMain)
2021-04-07T14:45:13 restartedMain No active profile set, falling back to default profiles: default
2021-04-07T14:45:19 restartedMain Started SkillBaseMainApplication in 6.018 seconds (JVM running for 7.081)
2021-04-07T14:47:51 restartedMain Starting SkillBaseMainApplication using Java 11.0.6 on Clairvoyant-301 with PID 12224 (C:\Users\Subrat Jena\Desktop\CLA_SkillBase\skills-base\skills-base\SkillBaseMain\target\classes started by Subrat Jena in C:\Users\Subrat Jena\Desktop\CLA_SkillBase\skills-base\skills-base\SkillBaseMain)
2021-04-07T14:47:51 restartedMain No active profile set, falling back to default profiles: default
2021-04-07T14:47:57 restartedMain Started SkillBaseMainApplication in 6.73 seconds (JVM running for 7.765)
2021-04-07T15:21:49 restartedMain Starting SkillBaseMainApplication using Java 11.0.6 on Clairvoyant-301 with PID 2000 (C:\Users\Subrat Jena\Desktop\CLA_SkillBase\skills-base\skills-base\SkillBaseMain\target\classes started by Subrat Jena in C:\Users\Subrat Jena\Desktop\CLA_SkillBase\skills-base\skills-base\SkillBaseMain)
2021-04-07T15:21:49 restartedMain No active profile set, falling back to default profiles: default
2021-04-07T15:21:55 restartedMain Started SkillBaseMainApplication in 6.34 seconds (JVM running for 7.448)
2021-04-07T16:12:39 restartedMain Starting SkillBaseMainApplication using Java 11.0.6 on Clairvoyant-301 with PID 11324 (C:\Users\Subrat Jena\Desktop\CLA_SkillBase\skills-base\skills-base\SkillBaseMain\target\classes started by Subrat Jena in C:\Users\Subrat Jena\Desktop\CLA_SkillBase\skills-base\skills-base\SkillBaseMain)
2021-04-07T16:12:39 restartedMain No active profile set, falling back to default profiles: default
2021-04-07T16:12:44 restartedMain Started SkillBaseMainApplication in 5.836 seconds (JVM running for 7.026)
2021-04-07T16:14:28 restartedMain Starting SkillBaseMainApplication using Java 11.0.6 on Clairvoyant-301 with PID 10488 (C:\Users\Subrat Jena\Desktop\CLA_SkillBase\skills-base\skills-base\SkillBaseMain\target\classes started by Subrat Jena in C:\Users\Subrat Jena\Desktop\CLA_SkillBase\skills-base\skills-base\SkillBaseMain)
2021-04-07T16:14:28 restartedMain No active profile set, falling back to default profiles: default
2021-04-07T16:14:33 restartedMain Started SkillBaseMainApplication in 5.784 seconds (JVM running for 6.971)
2021-04-07T16:23:59 restartedMain Starting SkillBaseMainApplication using Java 11.0.6 on Clairvoyant-301 with PID 4996 (C:\Users\Subrat Jena\Desktop\CLA_SkillBase\skills-base\skills-base\SkillBaseMain\target\classes started by Subrat Jena in C:\Users\Subrat Jena\Desktop\CLA_SkillBase\skills-base\skills-base\SkillBaseMain)
2021-04-07T16:23:59 restartedMain No active profile set, falling back to default profiles: default
2021-04-07T16:24:11 restartedMain Started SkillBaseMainApplication in 13.457 seconds (JVM running for 16.85)
2021-04-07T16:25:34 restartedMain Starting SkillBaseMainApplication using Java 11.0.6 on Clairvoyant-301 with PID 14192 (C:\Users\Subrat Jena\Desktop\CLA_SkillBase\skills-base\skills-base\SkillBaseMain\target\classes started by Subrat Jena in C:\Users\Subrat Jena\Desktop\CLA_SkillBase\skills-base\skills-base\SkillBaseMain)
2021-04-07T16:25:34 restartedMain No active profile set, falling back to default profiles: default
2021-04-07T16:25:46 restartedMain Started SkillBaseMainApplication in 12.401 seconds (JVM running for 13.964)
2021-04-07T16:25:58 restartedMain Starting SkillBaseMainApplication using Java 11.0.6 on Clairvoyant-301 with PID 7336 (C:\Users\Subrat Jena\Desktop\CLA_SkillBase\skills-base\skills-base\SkillBaseMain\target\classes started by Subrat Jena in C:\Users\Subrat Jena\Desktop\CLA_SkillBase\skills-base\skills-base\SkillBaseMain)
2021-04-07T16:25:58 restartedMain No active profile set, falling back to default profiles: default
2021-04-07T16:26:09 restartedMain Started SkillBaseMainApplication in 11.707 seconds (JVM running for 14.161)
2021-04-07T16:28:14 restartedMain Starting SkillBaseMainApplication using Java 11.0.6 on Clairvoyant-301 with PID 14628 (C:\Users\Subrat Jena\Desktop\CLA_SkillBase\skills-base\skills-base\SkillBaseMain\target\classes started by Subrat Jena in C:\Users\Subrat Jena\Desktop\CLA_SkillBase\skills-base\skills-base\SkillBaseMain)
2021-04-07T16:28:14 restartedMain No active profile set, falling back to default profiles: default
2021-04-07T16:28:20 restartedMain Started SkillBaseMainApplication in 6.443 seconds (JVM running for 7.673)
2021-04-07T16:29:09 restartedMain Starting SkillBaseMainApplication using Java 11.0.6 on Clairvoyant-301 with PID 5236 (C:\Users\Subrat Jena\Desktop\CLA_SkillBase\skills-base\skills-base\SkillBaseMain\target\classes started by Subrat Jena in C:\Users\Subrat Jena\Desktop\CLA_SkillBase\skills-base\skills-base\SkillBaseMain)
2021-04-07T16:29:09 restartedMain No active profile set, falling back to default profiles: default
2021-04-07T16:29:18 restartedMain Started SkillBaseMainApplication in 9.711 seconds (JVM running for 10.996)
2021-04-07T17:16:42 restartedMain Starting SkillBaseMainApplication using Java 11.0.6 on Clairvoyant-301 with PID 7100 (C:\Users\Subrat Jena\Desktop\CLA_SkillBase\skills-base\skills-base\SkillBaseMain\target\classes started by Subrat Jena in C:\Users\Subrat Jena\Desktop\CLA_SkillBase\skills-base\skills-base\SkillBaseMain)
2021-04-07T17:16:42 restartedMain No active profile set, falling back to default profiles: default
2021-04-07T17:16:49 restartedMain Started SkillBaseMainApplication in 7.773 seconds (JVM running for 9.03)
2021-04-07T17:20:43 restartedMain Starting SkillBaseMainApplication using Java 11.0.6 on Clairvoyant-301 with PID 3704 (C:\Users\Subrat Jena\Desktop\CLA_SkillBase\skills-base\skills-base\SkillBaseMain\target\classes started by Subrat Jena in C:\Users\Subrat Jena\Desktop\CLA_SkillBase\skills-base\skills-base\SkillBaseMain)
2021-04-07T17:20:43 restartedMain No active profile set, falling back to default profiles: default
2021-04-07T17:20:49 restartedMain Started SkillBaseMainApplication in 6.303 seconds (JVM running for 7.49)
2021-04-07T17:21:05 http-nio-8081-exec-3 Skills{id=null, skillName='React'}
2021-04-07T17:22:12 restartedMain Starting SkillBaseMainApplication using Java 11.0.6 on Clairvoyant-301 with PID 84 (C:\Users\Subrat Jena\Desktop\CLA_SkillBase\skills-base\skills-base\SkillBaseMain\target\classes started by Subrat Jena in C:\Users\Subrat Jena\Desktop\CLA_SkillBase\skills-base\skills-base\SkillBaseMain)
2021-04-07T17:22:12 restartedMain No active profile set, falling back to default profiles: default
2021-04-07T17:22:21 restartedMain Started SkillBaseMainApplication in 10.093 seconds (JVM running for 11.577)
2021-04-07T17:22:50 http-nio-8081-exec-2 Skills{id=null, skillName='Python'}
2021-04-07T17:22:58 http-nio-8081-exec-3 Skills{id=null, skillName='Java'}
2021-04-07T17:23:09 http-nio-8081-exec-4 New User: User{id='null', empId='null', name='null', email='null'}
2021-04-07T17:23:09 http-nio-8081-exec-4 null
2021-04-07T17:24:30 http-nio-8081-exec-7 New User: User{id='null', empId='P606', name='Rohit', email='rohit@gmail.com'}
2021-04-07T17:24:30 http-nio-8081-exec-7 null
2021-04-07T17:26:48 restartedMain Starting SkillBaseMainApplication using Java 11.0.6 on Clairvoyant-301 with PID 14356 (C:\Users\Subrat Jena\Desktop\CLA_SkillBase\skills-base\skills-base\SkillBaseMain\target\classes started by Subrat Jena in C:\Users\Subrat Jena\Desktop\CLA_SkillBase\skills-base\skills-base\SkillBaseMain)
2021-04-07T17:26:48 restartedMain No active profile set, falling back to default profiles: default
2021-04-07T17:26:59 restartedMain Started SkillBaseMainApplication in 11.869 seconds (JVM running for 15.433)
2021-04-07T17:27:37 restartedMain Starting SkillBaseMainApplication using Java 11.0.6 on Clairvoyant-301 with PID 14788 (C:\Users\Subrat Jena\Desktop\CLA_SkillBase\skills-base\skills-base\SkillBaseMain\target\classes started by Subrat Jena in C:\Users\Subrat Jena\Desktop\CLA_SkillBase\skills-base\skills-base\SkillBaseMain)
2021-04-07T17:27:37 restartedMain No active profile set, falling back to default profiles: default
2021-04-07T17:27:47 restartedMain Started SkillBaseMainApplication in 11.117 seconds (JVM running for 12.485)
2021-04-07T17:30:30 restartedMain Starting SkillBaseMainApplication using Java 11.0.6 on Clairvoyant-301 with PID 15080 (C:\Users\Subrat Jena\Desktop\CLA_SkillBase\skills-base\skills-base\SkillBaseMain\target\classes started by Subrat Jena in C:\Users\Subrat Jena\Desktop\CLA_SkillBase\skills-base\skills-base\SkillBaseMain)
2021-04-07T17:30:30 restartedMain No active profile set, falling back to default profiles: default
2021-04-07T17:30:44 restartedMain Started SkillBaseMainApplication in 14.337 seconds (JVM running for 17.044)
2021-04-07T17:31:21 restartedMain Starting SkillBaseMainApplication using Java 11.0.6 on Clairvoyant-301 with PID 6868 (C:\Users\Subrat Jena\Desktop\CLA_SkillBase\skills-base\skills-base\SkillBaseMain\target\classes started by Subrat Jena in C:\Users\Subrat Jena\Desktop\CLA_SkillBase\skills-base\skills-base\SkillBaseMain)
2021-04-07T17:31:21 restartedMain No active profile set, falling back to default profiles: default
2021-04-07T17:31:33 restartedMain Started SkillBaseMainApplication in 12.457 seconds (JVM running for 14.048)
2021-04-07T17:37:28 restartedMain Starting SkillBaseMainApplication using Java 11.0.6 on Clairvoyant-301 with PID 8616 (C:\Users\Subrat Jena\Desktop\CLA_SkillBase\skills-base\skills-base\SkillBaseMain\target\classes started by Subrat Jena in C:\Users\Subrat Jena\Desktop\CLA_SkillBase\skills-base\skills-base\SkillBaseMain)
2021-04-07T17:37:28 restartedMain No active profile set, falling back to default profiles: default
2021-04-07T17:37:40 restartedMain Started SkillBaseMainApplication in 12.016 seconds (JVM running for 13.364)
2021-04-07T17:40:21 restartedMain Starting SkillBaseMainApplication using Java 11.0.6 on Clairvoyant-301 with PID 12292 (C:\Users\Subrat Jena\Desktop\CLA_SkillBase\skills-base\skills-base\SkillBaseMain\target\classes started by Subrat Jena in C:\Users\Subrat Jena\Desktop\CLA_SkillBase\skills-base\skills-base\SkillBaseMain)
2021-04-07T17:40:21 restartedMain No active profile set, falling back to default profiles: default
2021-04-07T17:40:27 restartedMain Started SkillBaseMainApplication in 6.484 seconds (JVM running for 7.767)
2021-04-07T18:06:54 restartedMain Starting SkillBaseMainApplication using Java 11.0.6 on Clairvoyant-301 with PID 16380 (C:\Users\Subrat Jena\Desktop\CLA_SkillBase\skills-base\skills-base\SkillBaseMain\target\classes started by Subrat Jena in C:\Users\Subrat Jena\Desktop\CLA_SkillBase\skills-base\skills-base\SkillBaseMain)
2021-04-07T18:06:54 restartedMain No active profile set, falling back to default profiles: default
2021-04-07T18:07:02 restartedMain Started SkillBaseMainApplication in 8.549 seconds (JVM running for 9.876)
2021-04-07T18:10:09 restartedMain Starting SkillBaseMainApplication using Java 11.0.6 on Clairvoyant-301 with PID 5116 (C:\Users\Subrat Jena\Desktop\CLA_SkillBase\skills-base\skills-base\SkillBaseMain\target\classes started by Subrat Jena in C:\Users\Subrat Jena\Desktop\CLA_SkillBase\skills-base\skills-base\SkillBaseMain)
2021-04-07T18:10:09 restartedMain No active profile set, falling back to default profiles: default
2021-04-07T18:10:16 restartedMain Started SkillBaseMainApplication in 8.16 seconds (JVM running for 9.473)
2021-04-08T01:58:22 restartedMain Starting SkillBaseMainApplication using Java 11.0.6 on Clairvoyant-301 with PID 7720 (C:\Users\Subrat Jena\Desktop\CLA_SkillBase\skills-base\skills-base\SkillBaseMain\target\classes started by Subrat Jena in C:\Users\Subrat Jena\Desktop\CLA_SkillBase\skills-base\skills-base\SkillBaseMain)
2021-04-08T01:58:22 restartedMain No active profile set, falling back to default profiles: default
2021-04-08T01:58:27 restartedMain Started SkillBaseMainApplication in 6.359 seconds (JVM running for 7.735)
2021-04-08T02:01:17 restartedMain Starting SkillBaseMainApplication using Java 11.0.6 on Clairvoyant-301 with PID 10772 (C:\Users\Subrat Jena\Desktop\CLA_SkillBase\skills-base\skills-base\SkillBaseMain\target\classes started by Subrat Jena in C:\Users\Subrat Jena\Desktop\CLA_SkillBase\skills-base\skills-base\SkillBaseMain)
2021-04-08T02:01:17 restartedMain No active profile set, falling back to default profiles: default
2021-04-08T02:01:23 restartedMain Started SkillBaseMainApplication in 6.069 seconds (JVM running for 7.303)
2021-04-08T13:07:17 restartedMain Starting SkillBaseMainApplication using Java 11.0.6 on Clairvoyant-301 with PID 1924 (C:\Users\Subrat Jena\Desktop\CLA_SkillBase\skills-base\skills-base\SkillBaseMain\target\classes started by Subrat Jena in C:\Users\Subrat Jena\Desktop\CLA_SkillBase\skills-base\skills-base\SkillBaseMain)
2021-04-08T13:07:17 restartedMain No active profile set, falling back to default profiles: default
2021-04-08T13:07:32 restartedMain Started SkillBaseMainApplication in 16.225 seconds (JVM running for 19.904)
2021-04-08T14:04:34 restartedMain Starting SkillBaseMainApplication using Java 11.0.6 on Clairvoyant-301 with PID 14076 (C:\Users\Subrat Jena\Desktop\CLA_SkillBase\skills-base\skills-base\SkillBaseMain\target\classes started by Subrat Jena in C:\Users\Subrat Jena\Desktop\CLA_SkillBase\skills-base\skills-base\SkillBaseMain)
2021-04-08T14:04:34 restartedMain No active profile set, falling back to default profiles: default
2021-04-08T14:04:46 restartedMain Started SkillBaseMainApplication in 13.858 seconds (JVM running for 15.563)
2021-04-08T14:11:00 restartedMain Starting SkillBaseMainApplication using Java 11.0.6 on Clairvoyant-301 with PID 14756 (C:\Users\Subrat Jena\Desktop\CLA_SkillBase\skills-base\skills-base\SkillBaseMain\target\classes started by Subrat Jena in C:\Users\Subrat Jena\Desktop\CLA_SkillBase\skills-base\skills-base\SkillBaseMain)
2021-04-08T14:11:00 restartedMain No active profile set, falling back to default profiles: default
2021-04-08T14:11:10 restartedMain Started SkillBaseMainApplication in 10.436 seconds (JVM running for 11.922)
2021-04-08T16:05:04 restartedMain Starting SkillBaseMainApplication using Java 11.0.6 on Clairvoyant-301 with PID 15792 (C:\Users\Subrat Jena\Desktop\CLA_SkillBase\skills-base\skills-base\SkillBaseMain\target\classes started by Subrat Jena in C:\Users\Subrat Jena\Desktop\CLA_SkillBase\skills-base\skills-base\SkillBaseMain)
2021-04-08T16:05:04 restartedMain No active profile set, falling back to default profiles: default
2021-04-08T16:05:13 restartedMain Started SkillBaseMainApplication in 8.968 seconds (JVM running for 10.204)
2021-04-08T16:30:51 restartedMain Starting SkillBaseMainApplication using Java 11.0.6 on Clairvoyant-301 with PID 16852 (C:\Users\Subrat Jena\Desktop\CLA_SkillBase\skills-base\skills-base\SkillBaseMain\target\classes started by Subrat Jena in C:\Users\Subrat Jena\Desktop\CLA_SkillBase\skills-base\skills-base\SkillBaseMain)
2021-04-08T16:30:51 restartedMain No active profile set, falling back to default profiles: default
2021-04-08T16:31:03 restartedMain Started SkillBaseMainApplication in 13.632 seconds (JVM running for 16.187)
2021-04-08T16:43:32 restartedMain Starting SkillBaseMainApplication using Java 11.0.6 on Clairvoyant-301 with PID 16544 (C:\Users\Subrat Jena\Desktop\CLA_SkillBase\skills-base\skills-base\SkillBaseMain\target\classes started by Subrat Jena in C:\Users\Subrat Jena\Desktop\CLA_SkillBase\skills-base\skills-base\SkillBaseMain)
2021-04-08T16:43:32 restartedMain No active profile set, falling back to default profiles: default
2021-04-08T16:43:41 restartedMain Started SkillBaseMainApplication in 8.739 seconds (JVM running for 10.1)
2021-04-08T16:49:09 restartedMain Starting SkillBaseMainApplication using Java 11.0.6 on Clairvoyant-301 with PID 17356 (C:\Users\Subrat Jena\Desktop\CLA_SkillBase\skills-base\skills-base\SkillBaseMain\target\classes started by Subrat Jena in C:\Users\Subrat Jena\Desktop\CLA_SkillBase\skills-base\skills-base\SkillBaseMain)
2021-04-08T16:49:09 restartedMain No active profile set, falling back to default profiles: default
2021-04-08T16:49:18 restartedMain Started SkillBaseMainApplication in 9.383 seconds (JVM running for 10.526)
2021-04-08T16:52:32 restartedMain Starting SkillBaseMainApplication using Java 11.0.6 on Clairvoyant-301 with PID 12204 (C:\Users\Subrat Jena\Desktop\CLA_SkillBase\skills-base\skills-base\SkillBaseMain\target\classes started by Subrat Jena in C:\Users\Subrat Jena\Desktop\CLA_SkillBase\skills-base\skills-base\SkillBaseMain)
2021-04-08T16:52:32 restartedMain No active profile set, falling back to default profiles: default
2021-04-08T16:52:41 restartedMain Started SkillBaseMainApplication in 9.282 seconds (JVM running for 10.384)
2021-04-08T16:53:31 restartedMain Starting SkillBaseMainApplication using Java 11.0.6 on Clairvoyant-301 with PID 12460 (C:\Users\Subrat Jena\Desktop\CLA_SkillBase\skills-base\skills-base\SkillBaseMain\target\classes started by Subrat Jena in C:\Users\Subrat Jena\Desktop\CLA_SkillBase\skills-base\skills-base\SkillBaseMain)
2021-04-08T16:53:31 restartedMain No active profile set, falling back to default profiles: default
2021-04-08T16:53:40 restartedMain Started SkillBaseMainApplication in 9.826 seconds (JVM running for 10.931)
2021-04-08T17:00:00 restartedMain Starting SkillBaseMainApplication using Java 11.0.6 on Clairvoyant-301 with PID 16072 (C:\Users\Subrat Jena\Desktop\CLA_SkillBase\skills-base\skills-base\SkillBaseMain\target\classes started by Subrat Jena in C:\Users\Subrat Jena\Desktop\CLA_SkillBase\skills-base\skills-base\SkillBaseMain)
2021-04-08T17:00:00 restartedMain No active profile set, falling back to default profiles: default
2021-04-08T17:00:08 restartedMain Started SkillBaseMainApplication in 8.484 seconds (JVM running for 9.609)
2021-04-08T17:04:21 restartedMain Starting SkillBaseMainApplication using Java 11.0.6 on Clairvoyant-301 with PID 14932 (C:\Users\Subrat Jena\Desktop\CLA_SkillBase\skills-base\skills-base\SkillBaseMain\target\classes started by Subrat Jena in C:\Users\Subrat Jena\Desktop\CLA_SkillBase\skills-base\skills-base\SkillBaseMain)
2021-04-08T17:04:21 restartedMain No active profile set, falling back to default profiles: default
2021-04-08T17:04:29 restartedMain Started SkillBaseMainApplication in 8.349 seconds (JVM running for 9.489)
2021-04-08T17:06:46 restartedMain Starting SkillBaseMainApplication using Java 11.0.6 on Clairvoyant-301 with PID 6824 (C:\Users\Subrat Jena\Desktop\CLA_SkillBase\skills-base\skills-base\SkillBaseMain\target\classes started by Subrat Jena in C:\Users\Subrat Jena\Desktop\CLA_SkillBase\skills-base\skills-base\SkillBaseMain)
2021-04-08T17:06:46 restartedMain No active profile set, falling back to default profiles: default
2021-04-08T17:06:54 restartedMain Started SkillBaseMainApplication in 7.633 seconds (JVM running for 8.714)
2021-04-08T17:09:19 restartedMain Starting SkillBaseMainApplication using Java 11.0.6 on Clairvoyant-301 with PID 6336 (C:\Users\Subrat Jena\Desktop\CLA_SkillBase\skills-base\skills-base\SkillBaseMain\target\classes started by Subrat Jena in C:\Users\Subrat Jena\Desktop\CLA_SkillBase\skills-base\skills-base\SkillBaseMain)
2021-04-08T17:09:19 restartedMain No active profile set, falling back to default profiles: default
2021-04-08T17:09:27 restartedMain Started SkillBaseMainApplication in 9.106 seconds (JVM running for 10.287)
2021-04-08T17:10:06 restartedMain Starting SkillBaseMainApplication using Java 11.0.6 on Clairvoyant-301 with PID 5448 (C:\Users\Subrat Jena\Desktop\CLA_SkillBase\skills-base\skills-base\SkillBaseMain\target\classes started by Subrat Jena in C:\Users\Subrat Jena\Desktop\CLA_SkillBase\skills-base\skills-base\SkillBaseMain)
2021-04-08T17:10:06 restartedMain No active profile set, falling back to default profiles: default
2021-04-08T17:10:14 restartedMain Started SkillBaseMainApplication in 7.894 seconds (JVM running for 8.962)
2021-04-08T17:11:12 restartedMain Starting SkillBaseMainApplication using Java 11.0.6 on Clairvoyant-301 with PID 13420 (C:\Users\Subrat Jena\Desktop\CLA_SkillBase\skills-base\skills-base\SkillBaseMain\target\classes started by Subrat Jena in C:\Users\Subrat Jena\Desktop\CLA_SkillBase\skills-base\skills-base\SkillBaseMain)
2021-04-08T17:11:12 restartedMain No active profile set, falling back to default profiles: default
2021-04-08T17:11:19 restartedMain Started SkillBaseMainApplication in 7.723 seconds (JVM running for 8.866)
2021-04-08T17:16:12 restartedMain Starting SkillBaseMainApplication using Java 11.0.6 on Clairvoyant-301 with PID 16280 (C:\Users\Subrat Jena\Desktop\CLA_SkillBase\skills-base\skills-base\SkillBaseMain\target\classes started by Subrat Jena in C:\Users\Subrat Jena\Desktop\CLA_SkillBase\skills-base\skills-base\SkillBaseMain)
2021-04-08T17:16:12 restartedMain No active profile set, falling back to default profiles: default
2021-04-08T17:16:20 restartedMain Started SkillBaseMainApplication in 8.044 seconds (JVM running for 9.203)
2021-04-08T17:17:04 restartedMain Starting SkillBaseMainApplication using Java 11.0.6 on Clairvoyant-301 with PID 12652 (C:\Users\Subrat Jena\Desktop\CLA_SkillBase\skills-base\skills-base\SkillBaseMain\target\classes started by Subrat Jena in C:\Users\Subrat Jena\Desktop\CLA_SkillBase\skills-base\skills-base\SkillBaseMain)
2021-04-08T17:17:04 restartedMain No active profile set, falling back to default profiles: default
2021-04-08T17:17:13 restartedMain Started SkillBaseMainApplication in 9.211 seconds (JVM running for 10.344)
2021-04-08T17:17:45 restartedMain Starting SkillBaseMainApplication using Java 11.0.6 on Clairvoyant-301 with PID 4048 (C:\Users\Subrat Jena\Desktop\CLA_SkillBase\skills-base\skills-base\SkillBaseMain\target\classes started by Subrat Jena in C:\Users\Subrat Jena\Desktop\CLA_SkillBase\skills-base\skills-base\SkillBaseMain)
2021-04-08T17:17:45 restartedMain No active profile set, falling back to default profiles: default
2021-04-08T17:17:53 restartedMain Started SkillBaseMainApplication in 8.558 seconds (JVM running for 9.721)
2021-04-08T17:18:18 restartedMain Starting SkillBaseMainApplication using Java 11.0.6 on Clairvoyant-301 with PID 13288 (C:\Users\Subrat Jena\Desktop\CLA_SkillBase\skills-base\skills-base\SkillBaseMain\target\classes started by Subrat Jena in C:\Users\Subrat Jena\Desktop\CLA_SkillBase\skills-base\skills-base\SkillBaseMain)
2021-04-08T17:18:18 restartedMain No active profile set, falling back to default profiles: default
2021-04-08T17:18:26 restartedMain Started SkillBaseMainApplication in 8.891 seconds (JVM running for 10.248)
2021-04-08T17:19:25 restartedMain Starting SkillBaseMainApplication using Java 11.0.6 on Clairvoyant-301 with PID 15972 (C:\Users\Subrat Jena\Desktop\CLA_SkillBase\skills-base\skills-base\SkillBaseMain\target\classes started by Subrat Jena in C:\Users\Subrat Jena\Desktop\CLA_SkillBase\skills-base\skills-base\SkillBaseMain)
2021-04-08T17:19:25 restartedMain No active profile set, falling back to default profiles: default
2021-04-08T17:19:33 restartedMain Started SkillBaseMainApplication in 8.675 seconds (JVM running for 9.766)
2021-04-08T17:35:18 restartedMain Starting SkillBaseMainApplication using Java 11.0.6 on Clairvoyant-301 with PID 1580 (C:\Users\Subrat Jena\Desktop\CLA_SkillBase\skills-base\skills-base\SkillBaseMain\target\classes started by Subrat Jena in C:\Users\Subrat Jena\Desktop\CLA_SkillBase\skills-base\skills-base\SkillBaseMain)
2021-04-08T17:35:18 restartedMain No active profile set, falling back to default profiles: default
2021-04-08T17:35:30 restartedMain Started SkillBaseMainApplication in 12.033 seconds (JVM running for 14.474)
2021-04-08T17:54:41 restartedMain Starting SkillBaseMainApplication using Java 11.0.6 on Clairvoyant-301 with PID 8644 (C:\Users\Subrat Jena\Desktop\CLA_SkillBase\skills-base\skills-base\SkillBaseMain\target\classes started by Subrat Jena in C:\Users\Subrat Jena\Desktop\CLA_SkillBase\skills-base\skills-base\SkillBaseMain)
2021-04-08T17:54:41 restartedMain No active profile set, falling back to default profiles: default
2021-04-08T17:54:51 restartedMain Started SkillBaseMainApplication in 10.071 seconds (JVM running for 11.358)
2021-04-08T18:11:08 restartedMain Starting SkillBaseMainApplication using Java 11.0.6 on Clairvoyant-301 with PID 11716 (C:\Users\Subrat Jena\Desktop\CLA_SkillBase\skills-base\skills-base\SkillBaseMain\target\classes started by Subrat Jena in C:\Users\Subrat Jena\Desktop\CLA_SkillBase\skills-base\skills-base\SkillBaseMain)
2021-04-08T18:11:08 restartedMain No active profile set, falling back to default profiles: default
2021-04-08T18:11:14 restartedMain Started SkillBaseMainApplication in 7.513 seconds (JVM running for 8.657)
2021-04-08T18:13:35 restartedMain Starting SkillBaseMainApplication using Java 11.0.6 on Clairvoyant-301 with PID 3448 (C:\Users\Subrat Jena\Desktop\CLA_SkillBase\skills-base\skills-base\SkillBaseMain\target\classes started by Subrat Jena in C:\Users\Subrat Jena\Desktop\CLA_SkillBase\skills-base\skills-base\SkillBaseMain)
2021-04-08T18:13:35 restartedMain No active profile set, falling back to default profiles: default
2021-04-08T18:13:43 restartedMain Started SkillBaseMainApplication in 8.024 seconds (JVM running for 9.189)
2021-04-08T18:36:26 restartedMain Starting SkillBaseMainApplication using Java 11.0.6 on Clairvoyant-301 with PID 3092 (C:\Users\Subrat Jena\Desktop\CLA_SkillBase\skills-base\skills-base\SkillBaseMain\target\classes started by Subrat Jena in C:\Users\Subrat Jena\Desktop\CLA_SkillBase\skills-base\skills-base\SkillBaseMain)
2021-04-08T18:36:26 restartedMain No active profile set, falling back to default profiles: default
2021-04-08T18:36:33 restartedMain Started SkillBaseMainApplication in 7.088 seconds (JVM running for 8.209)
2021-04-08T18:41:12 restartedMain Starting SkillBaseMainApplication using Java 11.0.6 on Clairvoyant-301 with PID 4748 (C:\Users\Subrat Jena\Desktop\CLA_SkillBase\skills-base\skills-base\SkillBaseMain\target\classes started by Subrat Jena in C:\Users\Subrat Jena\Desktop\CLA_SkillBase\skills-base\skills-base\SkillBaseMain)
2021-04-08T18:41:13 restartedMain No active profile set, falling back to default profiles: default
2021-04-08T18:41:19 restartedMain Started SkillBaseMainApplication in 7.389 seconds (JVM running for 8.556)
2021-04-08T18:45:24 restartedMain Starting SkillBaseMainApplication using Java 11.0.6 on Clairvoyant-301 with PID 14492 (C:\Users\Subrat Jena\Desktop\CLA_SkillBase\skills-base\skills-base\SkillBaseMain\target\classes started by Subrat Jena in C:\Users\Subrat Jena\Desktop\CLA_SkillBase\skills-base\skills-base\SkillBaseMain)
2021-04-08T18:45:24 restartedMain No active profile set, falling back to default profiles: default
2021-04-08T18:45:30 restartedMain Started SkillBaseMainApplication in 6.928 seconds (JVM running for 8.047)
2021-04-08T18:46:08 restartedMain Starting SkillBaseMainApplication using Java 11.0.6 on Clairvoyant-301 with PID 11764 (C:\Users\Subrat Jena\Desktop\CLA_SkillBase\skills-base\skills-base\SkillBaseMain\target\classes started by Subrat Jena in C:\Users\Subrat Jena\Desktop\CLA_SkillBase\skills-base\skills-base\SkillBaseMain)
2021-04-08T18:46:08 restartedMain No active profile set, falling back to default profiles: default
2021-04-08T18:46:16 restartedMain Started SkillBaseMainApplication in 8.487 seconds (JVM running for 9.603)
2021-04-08T18:52:04 restartedMain Starting SkillBaseMainApplication using Java 11.0.6 on Clairvoyant-301 with PID 16484 (C:\Users\Subrat Jena\Desktop\CLA_SkillBase\skills-base\skills-base\SkillBaseMain\target\classes started by Subrat Jena in C:\Users\Subrat Jena\Desktop\CLA_SkillBase\skills-base\skills-base\SkillBaseMain)
2021-04-08T18:52:04 restartedMain No active profile set, falling back to default profiles: default
2021-04-08T18:52:11 restartedMain Started SkillBaseMainApplication in 7.011 seconds (JVM running for 8.216)
2021-04-08T18:53:41 restartedMain Starting SkillBaseMainApplication using Java 11.0.6 on Clairvoyant-301 with PID 16592 (C:\Users\Subrat Jena\Desktop\CLA_SkillBase\skills-base\skills-base\SkillBaseMain\target\classes started by Subrat Jena in C:\Users\Subrat Jena\Desktop\CLA_SkillBase\skills-base\skills-base\SkillBaseMain)
2021-04-08T18:53:41 restartedMain No active profile set, falling back to default profiles: default
2021-04-08T18:53:49 restartedMain Started SkillBaseMainApplication in 8.506 seconds (JVM running for 9.596)
2021-04-08T18:53:58 restartedMain Starting SkillBaseMainApplication using Java 11.0.6 on Clairvoyant-301 with PID 7664 (C:\Users\Subrat Jena\Desktop\CLA_SkillBase\skills-base\skills-base\SkillBaseMain\target\classes started by Subrat Jena in C:\Users\Subrat Jena\Desktop\CLA_SkillBase\skills-base\skills-base\SkillBaseMain)
2021-04-08T18:53:58 restartedMain No active profile set, falling back to default profiles: default
2021-04-08T18:54:06 restartedMain Started SkillBaseMainApplication in 8.908 seconds (JVM running for 10.842)
2021-04-09T10:41:43 restartedMain Starting SkillBaseMainApplication using Java 11.0.6 on Clairvoyant-301 with PID 3540 (C:\Users\Subrat Jena\Desktop\CLA_SkillBase\skills-base\skills-base\SkillBaseMain\target\classes started by Subrat Jena in C:\Users\Subrat Jena\Desktop\CLA_SkillBase\skills-base\skills-base\SkillBaseMain)
2021-04-09T10:41:43 restartedMain No active profile set, falling back to default profiles: default
2021-04-09T10:41:50 restartedMain Started SkillBaseMainApplication in 7.644 seconds (JVM running for 9.511)
